<?xml version="1.0" encoding="UTF-8"?>
<!-- Generated by org.testng.reporters.JUnitReportReporter -->
<testsuite hostname="LAPTOP-R4HJVFMQ" failures="0" tests="1" name="sdet.AutomationTestingMavan23.GoogleTest" time="78.617" errors="0" timestamp="2023-05-13T16:01:26 IST" skipped="0">
  <testcase classname="sdet.AutomationTestingMavan23.GoogleTest" name="googleSearchTest" time="78.617"/>
  <system-out/>
</testsuite> <!-- sdet.AutomationTestingMavan23.GoogleTest -->
