<?xml version="1.0" encoding="UTF-8"?>
<!-- Generated by org.testng.reporters.JUnitReportReporter -->
<testsuite hostname="LAPTOP-R4HJVFMQ" failures="0" tests="3" name="tests.LoginPageTest" time="97.150" errors="0" timestamp="2023-05-16T11:02:40 IST" skipped="0">
  <testcase classname="tests.LoginPageTest" name="validateLogoTest" time="21.387"/>
  <system-out/>
  <testcase classname="tests.LoginPageTest" name="validateLoginTest" time="47.275"/>
  <system-out/>
  <testcase classname="tests.LoginPageTest" name="validateLinksTest" time="28.488"/>
  <system-out/>
</testsuite> <!-- tests.LoginPageTest -->
