<?xml version="1.0" encoding="UTF-8"?>
<!-- Generated by org.testng.reporters.JUnitReportReporter -->
<testsuite hostname="LAPTOP-R4HJVFMQ" failures="0" tests="1" name="crmtests.NewContactPageTest" time="42.802" errors="0" timestamp="2023-05-17T13:12:15 IST" skipped="0">
  <testcase classname="crmtests.NewContactPageTest" name="validateCreateContact" time="42.802"/>
  <system-out/>
</testsuite> <!-- crmtests.NewContactPageTest -->
